info it worked if it ends with ok
verbose cli [ 'C:\\Program Files (x86)\\nodejs\\\\node.exe',
verbose cli   'C:\\Program Files (x86)\\nodejs\\node_modules\\npm\\bin\\npm-cli.js',
verbose cli   'install',
verbose cli   'fibers' ]
info using npm@1.1.16
info using node@v0.6.15
verbose C:\Program Files (x86)\nodejs\\node.exe node symlink
verbose config file C:\Users\Dested\.npmrc
verbose config file C:\Program Files (x86)\nodejs\etc\npmrc
verbose config file C:\Program Files (x86)\nodejs\node_modules\npm\npmrc
verbose caching b:\code\ShufflyNode\node_modules\socket.io\package.json
verbose cache add [ 'fibers', null ]
silly cache add: name, spec, args [ undefined, 'fibers', [ 'fibers', null ] ]
verbose parsed url { pathname: 'fibers', path: 'fibers', href: 'fibers' }
verbose addNamed [ 'fibers', '' ]
verbose addNamed [ null, '' ]
silly name, range, hasData [ 'fibers', '', false ]
verbose raw, before any munging fibers
verbose url resolving [ 'https://registry.npmjs.org/', './fibers' ]
verbose url resolved https://registry.npmjs.org/fibers
http GET https://registry.npmjs.org/fibers
http 200 https://registry.npmjs.org/fibers
silly get cb [ 200,
silly get cb   { vary: 'Accept',
silly get cb     server: 'CouchDB/1.2.0 (Erlang OTP/R15B)',
silly get cb     etag: '"V2OD7SEDBWQLO40EI1L6HZIN"',
silly get cb     date: 'Fri, 20 Apr 2012 08:13:28 GMT',
silly get cb     'content-type': 'application/json',
silly get cb     'content-length': '48879' } ]
silly name, range, hasData 2 [ 'fibers', '', true ]
silly versions [ 'fibers',
silly versions   [ '0.1.0',
silly versions     '0.1.1',
silly versions     '0.1.2',
silly versions     '0.1.3',
silly versions     '0.1.4',
silly versions     '0.1.6',
silly versions     '0.1.7',
silly versions     '0.1.8',
silly versions     '0.2.0',
silly versions     '0.2.1',
silly versions     '0.2.2',
silly versions     '0.2.3',
silly versions     '0.2.4',
silly versions     '0.2.5',
silly versions     '0.2.6',
silly versions     '0.5.0',
silly versions     '0.6.0',
silly versions     '0.5.1',
silly versions     '0.6.1',
silly versions     '0.6.2',
silly versions     '0.6.3',
silly versions     '0.6.4',
silly versions     '0.6.5' ] ]
verbose bin dist [ '0.6-ares1.7.5-DEV-evundefined-openssl0.9.8r-v83.6.6.24-win32-ia32-6.1.7601',
verbose bin dist   { shasum: '634ce7591f4e64666c22bc5aa3a79c935481903a',
verbose bin dist     tarball: 'http://registry.npmjs.org/fibers/-/fibers-0.6.5.tgz' } ]
verbose addRemoteTarball [ 'https://registry.npmjs.org/fibers/-/fibers-0.6.5.tgz',
verbose addRemoteTarball   '634ce7591f4e64666c22bc5aa3a79c935481903a' ]
verbose fetch to C:\Users\Dested\AppData\Local\Temp\npm-1334909592227\1334909592227-0.5090415624435991\tmp.tgz
http GET https://registry.npmjs.org/fibers/-/fibers-0.6.5.tgz
http 200 https://registry.npmjs.org/fibers/-/fibers-0.6.5.tgz
silly updated sha bytes 28229
info shasum 634ce7591f4e64666c22bc5aa3a79c935481903a
info shasum C:\Users\Dested\AppData\Local\Temp\npm-1334909592227\1334909592227-0.5090415624435991\tmp.tgz
verbose unpack C:\Users\Dested\AppData\Local\Temp\npm-1334909592227\1334909592227-0.5090415624435991\tmp.tgz
silly gunzTarPerm modes [ '755', '644' ]
silly extracting entry .npmignore
silly extracting entry fibers.js
silly extracting entry future.js
silly extracting entry LICENSE
silly extracting entry Makefile
silly extracting entry man/
silly extracting entry man/fibers.1
silly extracting entry package.json
silly extracting entry README.md
silly extracting entry src/
silly extracting entry src/coroutine.cc
silly extracting entry src/coroutine.h
silly extracting entry src/fibers.cc
silly extracting entry src/libcoro/
silly extracting entry src/libcoro/conftest.c
silly extracting entry src/libcoro/coro.c
silly extracting entry src/libcoro/coro.h
silly extracting entry src/libcoro/LICENSE
silly extracting entry src/libcoro/README
silly extracting entry src/Makefile
silly extracting entry src/platform.mk
silly extracting entry test/
silly extracting entry test/already-running.js
silly extracting entry test/bad-context.js
silly extracting entry test/child-process.js
silly extracting entry test/current.js
silly extracting entry test/exec.js
silly extracting entry test/exit.js
silly extracting entry test/fibonacci.js
silly extracting entry test/finish-multiple.js
silly extracting entry test/future.js
silly extracting entry test/illegal-yield.js
silly extracting entry test/pool.js
silly extracting entry test/process-title.js
silly extracting entry test/stack-overflow.js
silly extracting entry test/started.js
silly extracting entry test/unwind.js
silly extracting entry test.sh
verbose caching C:\Users\Dested\AppData\Local\Temp\npm-1334909592227\1334909592227-0.5090415624435991\package\package.json
verbose loadDefaults fibers@0.6.5
verbose from cache C:\Users\Dested\AppData\Local\Temp\npm-1334909592227\1334909592227-0.5090415624435991\package\package.json
verbose tar.pack [ 'C:\\Users\\Dested\\AppData\\Roaming\\npm-cache\\fibers\\0.6.5\\package.tgz',
verbose tar.pack   'C:\\Users\\Dested\\AppData\\Local\\Temp\\npm-1334909592227\\1334909592227-0.5090415624435991\\package' ]
verbose tarball C:\Users\Dested\AppData\Roaming\npm-cache\fibers\0.6.5\package.tgz
verbose folder C:\Users\Dested\AppData\Local\Temp\npm-1334909592227\1334909592227-0.5090415624435991\package
verbose unpack C:\Users\Dested\AppData\Roaming\npm-cache\fibers\0.6.5\package.tgz
silly gunzTarPerm modes [ '755', '644' ]
silly extracting entry package.json
silly modified mode [ 'package.json', 438, 420 ]
silly extracting entry .npmignore
silly modified mode [ '.npmignore', 438, 420 ]
silly extracting entry README.md
silly modified mode [ 'README.md', 438, 420 ]
silly extracting entry LICENSE
silly modified mode [ 'LICENSE', 438, 420 ]
silly extracting entry future.js
silly modified mode [ 'future.js', 438, 420 ]
silly extracting entry fibers.js
silly modified mode [ 'fibers.js', 438, 420 ]
silly extracting entry Makefile
silly modified mode [ 'Makefile', 438, 420 ]
silly extracting entry test.sh
silly modified mode [ 'test.sh', 438, 420 ]
silly extracting entry src/coroutine.cc
silly modified mode [ 'src/coroutine.cc', 438, 420 ]
silly extracting entry src/coroutine.h
silly modified mode [ 'src/coroutine.h', 438, 420 ]
silly extracting entry src/fibers.cc
silly modified mode [ 'src/fibers.cc', 438, 420 ]
silly extracting entry src/libcoro/README
silly modified mode [ 'src/libcoro/README', 438, 420 ]
silly extracting entry src/libcoro/LICENSE
silly modified mode [ 'src/libcoro/LICENSE', 438, 420 ]
silly extracting entry src/libcoro/conftest.c
silly modified mode [ 'src/libcoro/conftest.c', 438, 420 ]
silly extracting entry src/libcoro/coro.c
silly modified mode [ 'src/libcoro/coro.c', 438, 420 ]
silly extracting entry src/libcoro/coro.h
silly modified mode [ 'src/libcoro/coro.h', 438, 420 ]
silly extracting entry src/Makefile
silly modified mode [ 'src/Makefile', 438, 420 ]
silly extracting entry src/platform.mk
silly modified mode [ 'src/platform.mk', 438, 420 ]
silly extracting entry test/already-running.js
silly modified mode [ 'test/already-running.js', 438, 420 ]
silly extracting entry test/exec.js
silly modified mode [ 'test/exec.js', 438, 420 ]
silly extracting entry test/exit.js
silly modified mode [ 'test/exit.js', 438, 420 ]
silly extracting entry test/fibonacci.js
silly modified mode [ 'test/fibonacci.js', 438, 420 ]
silly extracting entry test/current.js
silly modified mode [ 'test/current.js', 438, 420 ]
silly extracting entry test/future.js
silly modified mode [ 'test/future.js', 438, 420 ]
silly extracting entry test/illegal-yield.js
silly modified mode [ 'test/illegal-yield.js', 438, 420 ]
silly extracting entry test/pool.js
silly modified mode [ 'test/pool.js', 438, 420 ]
silly extracting entry test/process-title.js
silly modified mode [ 'test/process-title.js', 438, 420 ]
silly extracting entry test/stack-overflow.js
silly modified mode [ 'test/stack-overflow.js', 438, 420 ]
silly extracting entry test/child-process.js
silly modified mode [ 'test/child-process.js', 438, 420 ]
silly extracting entry test/started.js
silly modified mode [ 'test/started.js', 438, 420 ]
silly extracting entry test/bad-context.js
silly modified mode [ 'test/bad-context.js', 438, 420 ]
silly extracting entry test/unwind.js
silly modified mode [ 'test/unwind.js', 438, 420 ]
silly extracting entry test/finish-multiple.js
silly modified mode [ 'test/finish-multiple.js', 438, 420 ]
silly extracting entry man/fibers.1
silly modified mode [ 'man/fibers.1', 438, 420 ]
verbose caching C:\Users\Dested\AppData\Roaming\npm-cache\fibers\0.6.5\package\package.json
verbose loadDefaults fibers@0.6.5
silly updated sha bytes 30873
info shasum 9feefcf8cd17859ebe0af534c7b9b8e2c4d5707a
info shasum C:\Users\Dested\AppData\Roaming\npm-cache\fibers\0.6.5\package.tgz
verbose from cache C:\Users\Dested\AppData\Roaming\npm-cache\fibers\0.6.5\package\package.json
verbose chmod C:\Users\Dested\AppData\Roaming\npm-cache\fibers\0.6.5\package.tgz 644
silly skipping chown for windows C:\Users\Dested\AppData\Roaming\npm-cache\fibers\0.6.5\package.tgz
silly resolved [ { name: 'fibers',
silly resolved     version: '0.6.5',
silly resolved     description: 'Cooperative multi-tasking for Javascript; or, the closest thing to a thread you\'ll see in node',
silly resolved     keywords: 
silly resolved      [ 'fiber',
silly resolved        'fibers',
silly resolved        'coroutine',
silly resolved        'thread',
silly resolved        'async',
silly resolved        'parallel',
silly resolved        'worker',
silly resolved        'future',
silly resolved        'promise' ],
silly resolved     homepage: 'https://github.com/laverdet/node-fibers',
silly resolved     author: 
silly resolved      { name: 'Marcel Laverdet',
silly resolved        email: 'marcel@laverdet.com',
silly resolved        url: 'https://github.com/laverdet/' },
silly resolved     main: 'fibers',
silly resolved     scripts: { install: 'make clean all' },
silly resolved     man: [ './man/fibers.1' ],
silly resolved     repository: 
silly resolved      { type: 'git',
silly resolved        url: 'git://github.com/laverdet/node-fibers.git' },
silly resolved     os: [ 'darwin', 'linux' ],
silly resolved     engines: { node: '>=0.5.2' },
silly resolved     _id: 'fibers@0.6.5',
silly resolved     dependencies: {},
silly resolved     devDependencies: {},
silly resolved     optionalDependencies: {},
silly resolved     _engineSupported: true,
silly resolved     _npmVersion: '1.1.16',
silly resolved     _nodeVersion: 'v0.6.15',
silly resolved     _defaultsLoaded: true,
silly resolved     dist: { shasum: '9feefcf8cd17859ebe0af534c7b9b8e2c4d5707a' },
silly resolved     _from: 'fibers' } ]
info into b:\code\ShufflyNode fibers@0.6.5
info installOne fibers@0.6.5
ERR! Unsupported
ERR! Not compatible with your operating system or architecture: fibers@0.6.5
ERR! Valid OS:    darwin,linux
ERR! Valid Arch:  any
ERR! Actual OS:   win32
ERR! Actual Arch: ia32
ERR! 
ERR! System Windows_NT 6.1.7601
ERR! command "C:\\Program Files (x86)\\nodejs\\\\node.exe" "C:\\Program Files (x86)\\nodejs\\node_modules\\npm\\bin\\npm-cli.js" "install" "fibers"
ERR! cwd b:\code\ShufflyNode\gameServer
ERR! node -v v0.6.15
ERR! npm -v 1.1.16
ERR! code EBADPLATFORM
ERR! message Unsupported
ERR! errno {}
verbose exit [ 1, true ]
